trunk/tetris/proguard/seeds.txt
com.devinxutal.tetris.ui.PlaygroundView
com.devinxutal.tetris.ui.PlaygroundView: PlaygroundView(android.content.Context,android.util.AttributeSet)
com.devinxutal.tetris.ui.PlaygroundView
com.devinxutal.tetris.ui.PlaygroundView: PlaygroundView(android.content.Context,android.util.AttributeSet,int)
com.devinxutal.tetris.control.Command: com.devinxutal.tetris.control.Command[] values()
com.devinxutal.tetris.control.Command: com.devinxutal.tetris.control.Command valueOf(java.lang.String)
com.devinxutal.tetris.util.BitmapUtil$Direction: com.devinxutal.tetris.util.BitmapUtil$Direction[] values()
com.devinxutal.tetris.util.BitmapUtil$Direction: com.devinxutal.tetris.util.BitmapUtil$Direction valueOf(java.lang.String)
com.devinxutal.tetris.activities.PlaygroundActivity$State: com.devinxutal.tetris.activities.PlaygroundActivity$State[] values()
com.devinxutal.tetris.activities.PlaygroundActivity$State: com.devinxutal.tetris.activities.PlaygroundActivity$State valueOf(java.lang.String)
com.devinxutal.tetris.model.Block$BlockType: com.devinxutal.tetris.model.Block$BlockType[] values()
com.devinxutal.tetris.model.Block$BlockType: com.devinxutal.tetris.model.Block$BlockType valueOf(java.lang.String)
com.devinxutal.tetris.activities.AboutActivity
com.devinxutal.tetris.activities.MainActivity
com.devinxutal.tetris.activities.WorldRankActivity
com.devinxutal.tetris.activities.PlaygroundActivity
com.devinxutal.tetris.activities.HighScoreActivity
com.devinxutal.tetris.activities.LocalRankActivity
com.devinxutal.tetris.activities.Preferences
...
com.admob.android.ads.AdView
com.admob.android.ads.AdView: AdView(android.content.Context,android.util.AttributeSet)
com.admob.android.ads.AdView
com.admob.android.ads.AdView: AdView(android.content.Context,android.util.AttributeSet,int)
com.admob.android.ads.a: com.admob.android.ads.a[] values()
com.admob.android.ads.a: com.admob.android.ads.a valueOf(java.lang.String)
com.admob.android.ads.q$a: com.admob.android.ads.q$a[] values()
com.admob.android.ads.q$a: com.admob.android.ads.q$a valueOf(java.lang.String)
com.admob.android.ads.AdManager$Gender: com.admob.android.ads.AdManager$Gender[] values()
com.admob.android.ads.AdManager$Gender: com.admob.android.ads.AdManager$Gender valueOf(java.lang.String)
com.admob.android.ads.InterstitialAd$Event: com.admob.android.ads.InterstitialAd$Event[] values()
com.admob.android.ads.InterstitialAd$Event: com.admob.android.ads.InterstitialAd$Event valueOf(java.lang.String)
com.admob.android.ads.j$b: com.admob.android.ads.j$b[] values()
com.admob.android.ads.j$b: com.admob.android.ads.j$b valueOf(java.lang.String)
com.admob.android.ads.j$a: com.admob.android.ads.j$a[] values()
com.admob.android.ads.j$a: com.admob.android.ads.j$a valueOf(java.lang.String)
com.admob.android.ads.AdMobActivity
com.admob.android.ads.analytics.InstallReceiver