trunk/tetris/proguard/usage.txt
com.devinxutal.tetris.R
com.devinxutal.tetris.R$array
com.devinxutal.tetris.R$attr
com.devinxutal.tetris.R$color
com.devinxutal.tetris.R$drawable
com.devinxutal.tetris.R$id
com.devinxutal.tetris.R$layout
com.devinxutal.tetris.R$raw
com.devinxutal.tetris.R$string
com.devinxutal.tetris.R$style
com.devinxutal.tetris.R$styleable
com.devinxutal.tetris.R$xml
com.devinxutal.tetris.activities.HighScoreActivity:
    private static final java.lang.String TAG
com.devinxutal.tetris.activities.MainActivity:
    private static final java.lang.String BASE64_PUBLIC_KEY
    private static final java.lang.String TAG
com.devinxutal.tetris.activities.PlaygroundActivity:
    public static final java.lang.String TAG
    public static final int PREFERENCE_REQUEST_CODE
    private android.app.Dialog progressDialog
    private android.hardware.Sensor sensor
    502:503:public void stop()
    506:512:public void openHelpDialog()
    524:551:public void submitRecord()
    554:557:private void submitRecord(java.lang.String)
    616:626:public void startListening()
    85:85:static android.app.Dialog access$4(com.devinxutal.tetris.activities.PlaygroundActivity)
    85:85:static void access$5(com.devinxutal.tetris.activities.PlaygroundActivity,android.app.Dialog)
    77:77:static android.widget.Toast access$6(com.devinxutal.tetris.activities.PlaygroundActivity)
    79:79:static android.widget.Button access$7(com.devinxutal.tetris.activities.PlaygroundActivity)
    98:98:static boolean access$9(com.devinxutal.tetris.activities.PlaygroundActivity)
    553:553:static void access$10(com.devinxutal.tetris.activities.PlaygroundActivity,java.lang.String)
com.devinxutal.tetris.activities.PlaygroundActivity$1
com.devinxutal.tetris.activities.PlaygroundActivity$2
com.devinxutal.tetris.activities.PlaygroundActivity$GameFinished:
    371:377:public void gameFinishing()
com.devinxutal.tetris.activities.PlaygroundActivity$GameFinished$1
com.devinxutal.tetris.activities.PlaygroundActivity$MyJoyStickListener:
    658:675:public void joyStickMoved(float,float)
com.devinxutal.tetris.activities.PlaygroundActivity$SubmitRecordThread
com.devinxutal.tetris.activities.PlaygroundActivity$SubmitRecordThread$1
com.devinxutal.tetris.cfg.Configuration:
    public static final int POSITION_RIGHT
    public static final int POSITION_LEFT
    public static final int ACTION_DIRECT_DOWN
    public static final int ACTION_QUICK_DOWN
    public static final int ACTION_TURN
com.devinxutal.tetris.cfg.Constants:
    public static final java.lang.String PLAYGROUND_STATE
    public static final java.lang.String PREF_KEY_TRIALS_SOLVE_CUBE
    public static final int VERSION_PRO
    public static final int VERSION_LITE
    public static final boolean TEST
    public static final int TRIAL_TIMES
    public static final int ADMOB_WIDTH
    public static final int ADMOB_HEIGHT
    public static final java.lang.String DATA_DIR
    public static final java.lang.String SCORE_SAVING_FILE
    public static final java.lang.String FONT_PATH_MONO
    public static final java.lang.String FONT_PATH_COMIC
    public static final java.lang.String URL_SERVER
    public static final java.lang.String URL_COMMIT_RECORD
    public static final java.lang.String URL_QUERY_RECORD
    public static final java.lang.String URL_WORLD_RANK
...
com.admob.android.ads.AdManager:
    public static final java.lang.String SDK_VERSION_DATE
    public static final java.lang.String SDK_VERSION
    public static final java.lang.String LOG
    public static final java.lang.String TEST_EMULATOR
    213:219:protected static int getScreenWidth(android.content.Context)
    487:497:public static void setTestDevices(java.lang.String[])
    504:504:static java.lang.String[] getTestDevices()
    553:554:public static void setTestAction(java.lang.String)
    688:690:public static void setAllowUseOfLocation(boolean)
    925:926:public static void setPostalCode(java.lang.String)
    968:969:public static void setBirthday(java.util.GregorianCalendar)
    980:983:public static void setBirthday(int,int,int)
    992:992:public static com.admob.android.ads.AdManager$Gender getGender()
    1024:1025:public static void setGender(com.admob.android.ads.AdManager$Gender)
    1034:1035:static void setEndpoint(java.lang.String)
    1043:1043:static java.lang.String getEndpoint()
com.admob.android.ads.AdView:
    564:595:public void requestFreshAd()
    888:889:public int getRequestInterval()
    1153:1156:public int getTextColor()
    1248:1248:public java.lang.String getKeywords()
    1256:1257:public void setKeywords(java.lang.String)
    1264:1264:public java.lang.String getSearchQuery()
    1272:1273:public void setSearchQuery(java.lang.String)
    1310:1313:public boolean isGoneWithoutAd()
    1406:1409:public void setAdListener(com.admob.android.ads.AdListener)
    1419:1419:public com.admob.android.ads.AdListener getAdListener()
    1434:1434:public boolean hasAd()
    1626:1631:public void cleanup()
com.admob.android.ads.InterstitialAd:
    public static final java.lang.String ADMOB_INTENT_BOOLEAN
    private boolean g
    229:243:public InterstitialAd(com.admob.android.ads.InterstitialAd$Event,com.admob.android.ads.InterstitialAdListener)
    252:253:public void setListener(com.admob.android.ads.InterstitialAdListener)
    340:351:public void requestAd(android.content.Context)
    427:428:public void show(android.app.Activity)
    450:468:final void a(android.app.Activity)
    489:489:public boolean isReady()
    517:517:private static boolean h()
    538:539:public void setKeywords(java.lang.String)
    545:546:public void setSearchQuery(java.lang.String)
    77:77:static void a(com.admob.android.ads.InterstitialAd)
com.admob.android.ads.InterstitialAd$a:
    146:150:public InterstitialAd$a(com.admob.android.ads.InterstitialAd,android.content.Context)
com.admob.android.ads.InterstitialAd$c:
    110:112:public InterstitialAd$c(com.admob.android.ads.InterstitialAd)
com.admob.android.ads.InterstitialAd$d
com.admob.android.ads.InterstitialAd$f
com.admob.android.ads.SimpleAdListener
com.admob.android.ads.b:
    533:546:static void a(java.lang.String)
    553:553:static java.lang.String a()
com.admob.android.ads.j:
    307:307:public final com.admob.android.ads.q a()
    2869:2873:public static float a(android.content.Context)
    2880:2880:public static float n()